
в”Ђв”Ђв”Ђв”Ђв”Ђв”Ђв”Ђв”Ђ reset-abtest-env в”Ђв”Ђв”Ђв”Ђв”Ђв”Ђв”Ђв”Ђ
== clearing experiments + tenant domains ==
TRUNCATE TABLE
DELETE 2
DELETE 1
== ensuring platform baseline layers (policy_filter + dsp_recall) ==
INSERT 0 0
== re-syncing id sequences ==
baseline domains: platform:t0
baseline layers:  policy_filter, dsp_recall
== forcing a clean snapshot republish (throwaway create+archive) ==
PASS: abtest env reset to baseline; clean snapshot republished

в”Ђв”Ђв”Ђв”Ђв”Ђв”Ђв”Ђв”Ђ playwright backend suite в”Ђв”Ђв”Ђв”Ђв”Ђв”Ђв”Ђв”Ђ

Running 7 tests using 1 worker

[1A[2K[1/7] [backend] вЂє e2e/abtest-engine-loop.api.spec.ts:76:3 вЂє ABTest engine closed-loop вЂє engine loads published snapshot & assigns the bucket-correct variant
[1A[2K[2/7] [backend] вЂє e2e/abtest-engine-loop.api.spec.ts:202:3 вЂє ABTest engine closed-loop вЂє valid OpenRTB /rtb request is accepted (not rejected at the protocol door)
[1A[2K[3/7] [backend] вЂє e2e/abtest-engine-loop.api.spec.ts:227:3 вЂє ABTest engine closed-loop вЂє golden set: variant assignment is deterministic and bucket-consistent
[1A[2K[4/7] [backend] вЂє e2e/abtest-scenarios.api.spec.ts:116:3 вЂє ABTest engine scenarios вЂє pause removes the experiment from engine resolution
[1A[2K[5/7] [backend] вЂє e2e/abtest-scenarios.api.spec.ts:154:3 вЂє ABTest engine scenarios вЂє scope_expression gates resolution by request attributes
[1A[2K[6/7] [backend] вЂє e2e/abtest-scenarios.api.spec.ts:196:3 вЂє ABTest engine scenarios вЂє one experiment resolves variants across multiple layers
[1A[2K[7/7] [backend] вЂє e2e/abtest-scenarios.api.spec.ts:265:3 вЂє ABTest engine scenarios вЂє multi-tenant domain isolation resolves only for the matching tenant
[1A[2K  7 passed (32.5s)

в”Ђв”Ђв”Ђв”Ђв”Ђв”Ђв”Ђв”Ђ verify-rtb-exposure в”Ђв”Ђв”Ђв”Ђв”Ђв”Ђв”Ђв”Ђ
seeded RUNNING experiment id=8
debug resolve: diversion=rtb-expose-5 -> experiment=8 variant=15 (control) bucket=363
POST /rtb -> HTTP 200
abtestSnapshotVersion: 134
experimentExposures: [{"experimentId": "8", "variantId": "15", "layerKey": "policy_filter", "variantName": "control", "bucket": 363}]
PASS: real /rtb request recorded exposure variant=15 exp=8 at snapshot v134

в”Ђв”Ђв”Ђв”Ђв”Ђв”Ђв”Ђв”Ђ setup-dsp-mock в”Ђв”Ђв”Ђв”Ђв”Ђв”Ђв”Ђв”Ђ
== skipping mock-dsp deploy (DEPLOY_DSP=0; assuming ArgoCD-managed mock-dsp) ==
== pointing the SOURCE (portal Postgres dsps) at the mock ==
  UPDATE 1
== writing the engine Mongo + bumping updated_time (immediate reload) ==
engine dsps endpoint -> http://mock-dsp.dev-main.svc:8081/bid
== waiting for the engine to reload the DSP endpoint (real /rtb fills) ==
  engine filled (endpoint live)
PASS: mock-dsp wired persistently (portal source + engine Mongo в†’ http://mock-dsp.dev-main.svc:8081/bid); engine reloads within ~60s, no restart

в”Ђв”Ђв”Ђв”Ђв”Ђв”Ђв”Ђв”Ђ verify-dsp-win в”Ђв”Ђв”Ђв”Ђв”Ђв”Ђв”Ђв”Ђ
POST /rtb -> HTTP 200
filled=True hasWinner=True winnerDspId=1 winPrice=8.253522148918783
PASS: real /rtb ran a DSP auction and filled (winner dsp=1 price=8.253522148918783)
в”Ђв”Ђ SKIP verify-trace-attrs: no jaeger-collector svc in ns e2e-trace вЂ” kubectl apply -f e2e/jaeger-e2e.yaml + enable engine jaeger

в•ђв•ђв•ђв•ђв•ђв•ђв•ђв•ђ summary в•ђв•ђв•ђв•ђв•ђв•ђв•ђв•ђ
  PASS  reset-abtest-env
  PASS  playwright backend suite
  PASS  verify-rtb-exposure
  PASS  verify-dsp-win
  SKIP  verify-trace-attrs (no jaeger-collector svc in ns e2e-trace вЂ” kubectl apply -f e2e/jaeger-e2e.yaml + enable engine jaeger)
в•ђв•ђв•ђв•ђв•ђв•ђв•ђв•ђв•ђв•ђв•ђв•ђв•ђв•ђв•ђв•ђв•ђв•ђв•ђв•ђв•ђв•ђв•ђв•ђв•ђ
ALL REQUIRED STEPS PASSED
